2021-10-11 08:58:48,920 [INFO] com.lms.LearningManagementSystemApplication {restartedMain} Starting LearningManagementSystemApplication using Java 1.8.0_191 on raghav1234 with PID 8412 (D:\MY PROJECT\learning-management-system\target\classes started by Lalit Raghav in D:\MY PROJECT\learning-management-system)
2021-10-11 08:58:48,929 [INFO] com.lms.LearningManagementSystemApplication {restartedMain} No active profile set, falling back to default profiles: default
2021-10-11 08:58:49,037 [INFO] org.springframework.boot.devtools.env.DevToolsPropertyDefaultsPostProcessor {restartedMain} Devtools property defaults active! Set 'spring.devtools.add-properties' to 'false' to disable
2021-10-11 08:58:49,038 [INFO] org.springframework.boot.devtools.env.DevToolsPropertyDefaultsPostProcessor {restartedMain} For additional web related logging consider setting the 'logging.level.web' property to 'DEBUG'
2021-10-11 08:58:50,518 [INFO] org.springframework.data.repository.config.RepositoryConfigurationDelegate {restartedMain} Bootstrapping Spring Data JPA repositories in DEFAULT mode.
2021-10-11 08:58:50,703 [INFO] org.springframework.data.repository.config.RepositoryConfigurationDelegate {restartedMain} Finished Spring Data repository scanning in 162 ms. Found 6 JPA repository interfaces.
2021-10-11 08:58:51,781 [INFO] org.springframework.boot.web.embedded.tomcat.TomcatWebServer {restartedMain} Tomcat initialized with port(s): 8084 (http)
2021-10-11 08:58:51,793 [INFO] org.apache.catalina.core.StandardService {restartedMain} Starting service [Tomcat]
2021-10-11 08:58:51,794 [INFO] org.apache.catalina.core.StandardEngine {restartedMain} Starting Servlet engine: [Apache Tomcat/9.0.52]
2021-10-11 08:58:51,959 [INFO] org.apache.catalina.core.ContainerBase.[Tomcat].[localhost].[/] {restartedMain} Initializing Spring embedded WebApplicationContext
2021-10-11 08:58:51,959 [INFO] org.springframework.boot.web.servlet.context.ServletWebServerApplicationContext {restartedMain} Root WebApplicationContext: initialization completed in 2902 ms
2021-10-11 08:58:52,222 [INFO] com.zaxxer.hikari.HikariDataSource {restartedMain} HikariPool-1 - Starting...
2021-10-11 08:58:52,438 [INFO] com.zaxxer.hikari.HikariDataSource {restartedMain} HikariPool-1 - Start completed.
2021-10-11 08:58:52,511 [INFO] org.hibernate.jpa.internal.util.LogHelper {restartedMain} HHH000204: Processing PersistenceUnitInfo [name: default]
2021-10-11 08:58:52,594 [INFO] org.hibernate.Version {restartedMain} HHH000412: Hibernate ORM core version 5.4.32.Final
2021-10-11 08:58:52,887 [INFO] org.hibernate.annotations.common.Version {restartedMain} HCANN000001: Hibernate Commons Annotations {5.1.2.Final}
2021-10-11 08:58:53,044 [INFO] org.hibernate.dialect.Dialect {restartedMain} HHH000400: Using dialect: org.hibernate.dialect.MySQL8Dialect
2021-10-11 08:58:54,519 [INFO] org.hibernate.engine.transaction.jta.platform.internal.JtaPlatformInitiator {restartedMain} HHH000490: Using JtaPlatform implementation: [org.hibernate.engine.transaction.jta.platform.internal.NoJtaPlatform]
2021-10-11 08:58:54,536 [INFO] org.springframework.orm.jpa.LocalContainerEntityManagerFactoryBean {restartedMain} Initialized JPA EntityManagerFactory for persistence unit 'default'
2021-10-11 08:58:57,017 [WARN] org.springframework.boot.autoconfigure.orm.jpa.JpaBaseConfiguration$JpaWebConfiguration {restartedMain} spring.jpa.open-in-view is enabled by default. Therefore, database queries may be performed during view rendering. Explicitly configure spring.jpa.open-in-view to disable this warning
2021-10-11 08:58:57,808 [INFO] org.springframework.security.web.DefaultSecurityFilterChain {restartedMain} Will secure any request with [org.springframework.security.web.context.request.async.WebAsyncManagerIntegrationFilter@4bf2d8d1, org.springframework.security.web.context.SecurityContextPersistenceFilter@281e8428, org.springframework.security.web.header.HeaderWriterFilter@7273146, org.springframework.security.web.authentication.logout.LogoutFilter@1a91b2c, com.lms.config.JwtAuthenticationFilter@5649ae8, org.springframework.security.web.savedrequest.RequestCacheAwareFilter@269ac54b, org.springframework.security.web.servletapi.SecurityContextHolderAwareRequestFilter@4670d2fd, org.springframework.security.web.authentication.AnonymousAuthenticationFilter@31bdfab, org.springframework.security.web.session.SessionManagementFilter@29dab9c6, org.springframework.security.web.access.ExceptionTranslationFilter@5dd03adb, org.springframework.security.web.access.intercept.FilterSecurityInterceptor@24153bb7]
2021-10-11 08:58:58,728 [WARN] org.springframework.boot.autoconfigure.thymeleaf.ThymeleafAutoConfiguration$DefaultTemplateResolverConfiguration {restartedMain} Cannot find template location: classpath:/templates/ (please add some templates or check your Thymeleaf configuration)
2021-10-11 08:58:58,979 [INFO] org.springframework.boot.devtools.autoconfigure.OptionalLiveReloadServer {restartedMain} LiveReload server is running on port 35729
2021-10-11 08:58:59,214 [INFO] org.springframework.boot.web.embedded.tomcat.TomcatWebServer {restartedMain} Tomcat started on port(s): 8084 (http) with context path ''
2021-10-11 08:58:59,275 [INFO] com.lms.LearningManagementSystemApplication {restartedMain} Started LearningManagementSystemApplication in 10.979 seconds (JVM running for 12.345)
2021-10-11 09:38:25,479 [INFO] org.apache.catalina.core.ContainerBase.[Tomcat].[localhost].[/] {http-nio-8084-exec-1} Initializing Spring DispatcherServlet 'dispatcherServlet'
2021-10-11 09:38:25,479 [INFO] org.springframework.web.servlet.DispatcherServlet {http-nio-8084-exec-1} Initializing Servlet 'dispatcherServlet'
2021-10-11 09:38:25,481 [INFO] org.springframework.web.servlet.DispatcherServlet {http-nio-8084-exec-1} Completed initialization in 2 ms
2021-10-11 10:47:35,888 [ERROR] org.apache.catalina.core.ContainerBase.[Tomcat].[localhost].[/].[dispatcherServlet] {http-nio-8084-exec-8} Servlet.service() for servlet [dispatcherServlet] in context with path [] threw exception [Request processing failed; nested exception is org.springframework.dao.IncorrectResultSizeDataAccessException: query did not return a unique result: 9; nested exception is javax.persistence.NonUniqueResultException: query did not return a unique result: 9] with root cause
javax.persistence.NonUniqueResultException: query did not return a unique result: 9
	at org.hibernate.internal.ExceptionConverterImpl.convert(ExceptionConverterImpl.java:128)
	at org.hibernate.query.internal.AbstractProducedQuery.getSingleResult(AbstractProducedQuery.java:1659)
	at org.hibernate.query.criteria.internal.compile.CriteriaQueryTypeQueryAdapter.getSingleResult(CriteriaQueryTypeQueryAdapter.java:111)
	at org.springframework.data.jpa.repository.query.JpaQueryExecution$SingleEntityExecution.doExecute(JpaQueryExecution.java:196)
	at org.springframework.data.jpa.repository.query.JpaQueryExecution.execute(JpaQueryExecution.java:88)
	at org.springframework.data.jpa.repository.query.AbstractJpaQuery.doExecute(AbstractJpaQuery.java:155)
	at org.springframework.data.jpa.repository.query.AbstractJpaQuery.execute(AbstractJpaQuery.java:143)
	at org.springframework.data.repository.core.support.RepositoryMethodInvoker.doInvoke(RepositoryMethodInvoker.java:137)
	at org.springframework.data.repository.core.support.RepositoryMethodInvoker.invoke(RepositoryMethodInvoker.java:121)
	at org.springframework.data.repository.core.support.QueryExecutorMethodInterceptor.doInvoke(QueryExecutorMethodInterceptor.java:159)
	at org.springframework.data.repository.core.support.QueryExecutorMethodInterceptor.invoke(QueryExecutorMethodInterceptor.java:138)
	at org.springframework.aop.framework.ReflectiveMethodInvocation.proceed(ReflectiveMethodInvocation.java:186)
	at org.springframework.data.projection.DefaultMethodInvokingMethodInterceptor.invoke(DefaultMethodInvokingMethodInterceptor.java:80)
	at org.springframework.aop.framework.ReflectiveMethodInvocation.proceed(ReflectiveMethodInvocation.java:186)
	at org.springframework.transaction.interceptor.TransactionInterceptor$1.proceedWithInvocation(TransactionInterceptor.java:123)
	at org.springframework.transaction.interceptor.TransactionAspectSupport.invokeWithinTransaction(TransactionAspectSupport.java:388)
	at org.springframework.transaction.interceptor.TransactionInterceptor.invoke(TransactionInterceptor.java:119)
	at org.springframework.aop.framework.ReflectiveMethodInvocation.proceed(ReflectiveMethodInvocation.java:186)
	at org.springframework.dao.support.PersistenceExceptionTranslationInterceptor.invoke(PersistenceExceptionTranslationInterceptor.java:137)
	at org.springframework.aop.framework.ReflectiveMethodInvocation.proceed(ReflectiveMethodInvocation.java:186)
	at org.springframework.data.jpa.repository.support.CrudMethodMetadataPostProcessor$CrudMethodMetadataPopulatingMethodInterceptor.invoke(CrudMethodMetadataPostProcessor.java:145)
	at org.springframework.aop.framework.ReflectiveMethodInvocation.proceed(ReflectiveMethodInvocation.java:186)
	at org.springframework.aop.interceptor.ExposeInvocationInterceptor.invoke(ExposeInvocationInterceptor.java:97)
	at org.springframework.aop.framework.ReflectiveMethodInvocation.proceed(ReflectiveMethodInvocation.java:186)
	at org.springframework.aop.framework.JdkDynamicAopProxy.invoke(JdkDynamicAopProxy.java:215)
	at com.sun.proxy.$Proxy93.findByUsername(Unknown Source)
	at com.lms.serviceimpl.AdminServiceImpl.Login(AdminServiceImpl.java:111)
	at com.lms.controller.AdminController.fetch(AdminController.java:80)
	at sun.reflect.NativeMethodAccessorImpl.invoke0(Native Method)
	at sun.reflect.NativeMethodAccessorImpl.invoke(Unknown Source)
	at sun.reflect.DelegatingMethodAccessorImpl.invoke(Unknown Source)
	at java.lang.reflect.Method.invoke(Unknown Source)
	at org.springframework.web.method.support.InvocableHandlerMethod.doInvoke(InvocableHandlerMethod.java:197)
	at org.springframework.web.method.support.InvocableHandlerMethod.invokeForRequest(InvocableHandlerMethod.java:141)
	at org.springframework.web.servlet.mvc.method.annotation.ServletInvocableHandlerMethod.invokeAndHandle(ServletInvocableHandlerMethod.java:106)
	at org.springframework.web.servlet.mvc.method.annotation.RequestMappingHandlerAdapter.invokeHandlerMethod(RequestMappingHandlerAdapter.java:895)
	at org.springframework.web.servlet.mvc.method.annotation.RequestMappingHandlerAdapter.handleInternal(RequestMappingHandlerAdapter.java:808)
	at org.springframework.web.servlet.mvc.method.AbstractHandlerMethodAdapter.handle(AbstractHandlerMethodAdapter.java:87)
	at org.springframework.web.servlet.DispatcherServlet.doDispatch(DispatcherServlet.java:1064)
	at org.springframework.web.servlet.DispatcherServlet.doService(DispatcherServlet.java:963)
	at org.springframework.web.servlet.FrameworkServlet.processRequest(FrameworkServlet.java:1006)
	at org.springframework.web.servlet.FrameworkServlet.doPost(FrameworkServlet.java:909)
	at javax.servlet.http.HttpServlet.service(HttpServlet.java:681)
	at org.springframework.web.servlet.FrameworkServlet.service(FrameworkServlet.java:883)
	at javax.servlet.http.HttpServlet.service(HttpServlet.java:764)
	at org.apache.catalina.core.ApplicationFilterChain.internalDoFilter(ApplicationFilterChain.java:227)
	at org.apache.catalina.core.ApplicationFilterChain.doFilter(ApplicationFilterChain.java:162)
	at org.apache.tomcat.websocket.server.WsFilter.doFilter(WsFilter.java:53)
	at org.apache.catalina.core.ApplicationFilterChain.internalDoFilter(ApplicationFilterChain.java:189)
	at org.apache.catalina.core.ApplicationFilterChain.doFilter(ApplicationFilterChain.java:162)
	at org.springframework.web.filter.OncePerRequestFilter.doFilter(OncePerRequestFilter.java:113)
	at org.apache.catalina.core.ApplicationFilterChain.internalDoFilter(ApplicationFilterChain.java:189)
	at org.apache.catalina.core.ApplicationFilterChain.doFilter(ApplicationFilterChain.java:162)
	at org.springframework.security.web.FilterChainProxy$VirtualFilterChain.doFilter(FilterChainProxy.java:327)
	at org.springframework.security.web.access.intercept.FilterSecurityInterceptor.invoke(FilterSecurityInterceptor.java:115)
	at org.springframework.security.web.access.intercept.FilterSecurityInterceptor.doFilter(FilterSecurityInterceptor.java:81)
	at org.springframework.security.web.FilterChainProxy$VirtualFilterChain.doFilter(FilterChainProxy.java:336)
	at org.springframework.security.web.access.ExceptionTranslationFilter.doFilter(ExceptionTranslationFilter.java:121)
	at org.springframework.security.web.access.ExceptionTranslationFilter.doFilter(ExceptionTranslationFilter.java:115)
	at org.springframework.security.web.FilterChainProxy$VirtualFilterChain.doFilter(FilterChainProxy.java:336)
	at org.springframework.security.web.session.SessionManagementFilter.doFilter(SessionManagementFilter.java:126)
	at org.springframework.security.web.session.SessionManagementFilter.doFilter(SessionManagementFilter.java:81)
	at org.springframework.security.web.FilterChainProxy$VirtualFilterChain.doFilter(FilterChainProxy.java:336)
	at org.springframework.security.web.authentication.AnonymousAuthenticationFilter.doFilter(AnonymousAuthenticationFilter.java:105)
	at org.springframework.security.web.FilterChainProxy$VirtualFilterChain.doFilter(FilterChainProxy.java:336)
	at org.springframework.security.web.servletapi.SecurityContextHolderAwareRequestFilter.doFilter(SecurityContextHolderAwareRequestFilter.java:149)
	at org.springframework.security.web.FilterChainProxy$VirtualFilterChain.doFilter(FilterChainProxy.java:336)
	at org.springframework.security.web.savedrequest.RequestCacheAwareFilter.doFilter(RequestCacheAwareFilter.java:63)
	at org.springframework.security.web.FilterChainProxy$VirtualFilterChain.doFilter(FilterChainProxy.java:336)
	at com.lms.config.JwtAuthenticationFilter.doFilterInternal(JwtAuthenticationFilter.java:82)
	at org.springframework.web.filter.OncePerRequestFilter.doFilter(OncePerRequestFilter.java:119)
	at org.springframework.security.web.FilterChainProxy$VirtualFilterChain.doFilter(FilterChainProxy.java:336)
	at org.springframework.security.web.authentication.logout.LogoutFilter.doFilter(LogoutFilter.java:103)
	at org.springframework.security.web.authentication.logout.LogoutFilter.doFilter(LogoutFilter.java:89)
	at org.springframework.security.web.FilterChainProxy$VirtualFilterChain.doFilter(FilterChainProxy.java:336)
	at org.springframework.security.web.header.HeaderWriterFilter.doHeadersAfter(HeaderWriterFilter.java:90)
	at org.springframework.security.web.header.HeaderWriterFilter.doFilterInternal(HeaderWriterFilter.java:75)
	at org.springframework.web.filter.OncePerRequestFilter.doFilter(OncePerRequestFilter.java:119)
	at org.springframework.security.web.FilterChainProxy$VirtualFilterChain.doFilter(FilterChainProxy.java:336)
	at org.springframework.security.web.context.SecurityContextPersistenceFilter.doFilter(SecurityContextPersistenceFilter.java:110)
	at org.springframework.security.web.context.SecurityContextPersistenceFilter.doFilter(SecurityContextPersistenceFilter.java:80)
	at org.springframework.security.web.FilterChainProxy$VirtualFilterChain.doFilter(FilterChainProxy.java:336)
	at org.springframework.security.web.context.request.async.WebAsyncManagerIntegrationFilter.doFilterInternal(WebAsyncManagerIntegrationFilter.java:55)
	at org.springframework.web.filter.OncePerRequestFilter.doFilter(OncePerRequestFilter.java:119)
	at org.springframework.security.web.FilterChainProxy$VirtualFilterChain.doFilter(FilterChainProxy.java:336)
	at org.springframework.security.web.FilterChainProxy.doFilterInternal(FilterChainProxy.java:211)
	at org.springframework.security.web.FilterChainProxy.doFilter(FilterChainProxy.java:183)
	at org.springframework.web.filter.DelegatingFilterProxy.invokeDelegate(DelegatingFilterProxy.java:358)
	at org.springframework.web.filter.DelegatingFilterProxy.doFilter(DelegatingFilterProxy.java:271)
	at org.apache.catalina.core.ApplicationFilterChain.internalDoFilter(ApplicationFilterChain.java:189)
	at org.apache.catalina.core.ApplicationFilterChain.doFilter(ApplicationFilterChain.java:162)
	at org.springframework.web.filter.RequestContextFilter.doFilterInternal(RequestContextFilter.java:100)
	at org.springframework.web.filter.OncePerRequestFilter.doFilter(OncePerRequestFilter.java:119)
	at org.apache.catalina.core.ApplicationFilterChain.internalDoFilter(ApplicationFilterChain.java:189)
	at org.apache.catalina.core.ApplicationFilterChain.doFilter(ApplicationFilterChain.java:162)
	at org.springframework.web.filter.FormContentFilter.doFilterInternal(FormContentFilter.java:93)
	at org.springframework.web.filter.OncePerRequestFilter.doFilter(OncePerRequestFilter.java:119)
	at org.apache.catalina.core.ApplicationFilterChain.internalDoFilter(ApplicationFilterChain.java:189)
	at org.apache.catalina.core.ApplicationFilterChain.doFilter(ApplicationFilterChain.java:162)
	at org.springframework.web.filter.CharacterEncodingFilter.doFilterInternal(CharacterEncodingFilter.java:201)
	at org.springframework.web.filter.OncePerRequestFilter.doFilter(OncePerRequestFilter.java:119)
	at org.apache.catalina.core.ApplicationFilterChain.internalDoFilter(ApplicationFilterChain.java:189)
	at org.apache.catalina.core.ApplicationFilterChain.doFilter(ApplicationFilterChain.java:162)
	at org.apache.catalina.core.StandardWrapperValve.invoke(StandardWrapperValve.java:197)
	at org.apache.catalina.core.StandardContextValve.invoke(StandardContextValve.java:97)
	at org.apache.catalina.authenticator.AuthenticatorBase.invoke(AuthenticatorBase.java:542)
	at org.apache.catalina.core.StandardHostValve.invoke(StandardHostValve.java:135)
	at org.apache.catalina.valves.ErrorReportValve.invoke(ErrorReportValve.java:92)
	at org.apache.catalina.core.StandardEngineValve.invoke(StandardEngineValve.java:78)
	at org.apache.catalina.connector.CoyoteAdapter.service(CoyoteAdapter.java:357)
	at org.apache.coyote.http11.Http11Processor.service(Http11Processor.java:382)
	at org.apache.coyote.AbstractProcessorLight.process(AbstractProcessorLight.java:65)
	at org.apache.coyote.AbstractProtocol$ConnectionHandler.process(AbstractProtocol.java:893)
	at org.apache.tomcat.util.net.NioEndpoint$SocketProcessor.doRun(NioEndpoint.java:1726)
	at org.apache.tomcat.util.net.SocketProcessorBase.run(SocketProcessorBase.java:49)
	at org.apache.tomcat.util.threads.ThreadPoolExecutor.runWorker(ThreadPoolExecutor.java:1191)
	at org.apache.tomcat.util.threads.ThreadPoolExecutor$Worker.run(ThreadPoolExecutor.java:659)
	at org.apache.tomcat.util.threads.TaskThread$WrappingRunnable.run(TaskThread.java:61)
	at java.lang.Thread.run(Unknown Source)
2021-10-11 11:01:39,914 [INFO] org.springframework.boot.admin.SpringApplicationAdminMXBeanRegistrar$SpringApplicationAdmin {RMI TCP Connection(3)-127.0.0.1} Application shutdown requested.
2021-10-11 11:01:39,914 [INFO] org.springframework.boot.admin.SpringApplicationAdminMXBeanRegistrar$SpringApplicationAdmin {RMI TCP Connection(4)-127.0.0.1} Application shutdown requested.
2021-10-11 11:01:40,698 [INFO] org.springframework.orm.jpa.LocalContainerEntityManagerFactoryBean {RMI TCP Connection(3)-127.0.0.1} Closing JPA EntityManagerFactory for persistence unit 'default'
2021-10-11 11:01:40,909 [INFO] com.zaxxer.hikari.HikariDataSource {RMI TCP Connection(3)-127.0.0.1} HikariPool-1 - Shutdown initiated...
2021-10-11 11:01:41,027 [INFO] com.zaxxer.hikari.HikariDataSource {RMI TCP Connection(3)-127.0.0.1} HikariPool-1 - Shutdown completed.
2021-10-11 11:02:07,281 [INFO] com.lms.LearningManagementSystemApplication {restartedMain} Starting LearningManagementSystemApplication using Java 1.8.0_191 on raghav1234 with PID 9132 (D:\MY PROJECT\learning-management-system\target\classes started by Lalit Raghav in D:\MY PROJECT\learning-management-system)
2021-10-11 11:02:07,285 [INFO] com.lms.LearningManagementSystemApplication {restartedMain} No active profile set, falling back to default profiles: default
2021-10-11 11:02:07,364 [INFO] org.springframework.boot.devtools.env.DevToolsPropertyDefaultsPostProcessor {restartedMain} Devtools property defaults active! Set 'spring.devtools.add-properties' to 'false' to disable
2021-10-11 11:02:07,364 [INFO] org.springframework.boot.devtools.env.DevToolsPropertyDefaultsPostProcessor {restartedMain} For additional web related logging consider setting the 'logging.level.web' property to 'DEBUG'
2021-10-11 11:02:08,486 [INFO] org.springframework.data.repository.config.RepositoryConfigurationDelegate {restartedMain} Bootstrapping Spring Data JPA repositories in DEFAULT mode.
2021-10-11 11:02:08,601 [INFO] org.springframework.data.repository.config.RepositoryConfigurationDelegate {restartedMain} Finished Spring Data repository scanning in 102 ms. Found 6 JPA repository interfaces.
2021-10-11 11:02:09,518 [INFO] org.springframework.boot.web.embedded.tomcat.TomcatWebServer {restartedMain} Tomcat initialized with port(s): 8084 (http)
2021-10-11 11:02:09,529 [INFO] org.apache.catalina.core.StandardService {restartedMain} Starting service [Tomcat]
2021-10-11 11:02:09,530 [INFO] org.apache.catalina.core.StandardEngine {restartedMain} Starting Servlet engine: [Apache Tomcat/9.0.52]
2021-10-11 11:02:09,670 [INFO] org.apache.catalina.core.ContainerBase.[Tomcat].[localhost].[/] {restartedMain} Initializing Spring embedded WebApplicationContext
2021-10-11 11:02:09,671 [INFO] org.springframework.boot.web.servlet.context.ServletWebServerApplicationContext {restartedMain} Root WebApplicationContext: initialization completed in 2306 ms
2021-10-11 11:02:09,900 [INFO] com.zaxxer.hikari.HikariDataSource {restartedMain} HikariPool-1 - Starting...
2021-10-11 11:02:10,093 [INFO] com.zaxxer.hikari.HikariDataSource {restartedMain} HikariPool-1 - Start completed.
2021-10-11 11:02:10,170 [INFO] org.hibernate.jpa.internal.util.LogHelper {restartedMain} HHH000204: Processing PersistenceUnitInfo [name: default]
2021-10-11 11:02:10,252 [INFO] org.hibernate.Version {restartedMain} HHH000412: Hibernate ORM core version 5.4.32.Final
2021-10-11 11:02:10,548 [INFO] org.hibernate.annotations.common.Version {restartedMain} HCANN000001: Hibernate Commons Annotations {5.1.2.Final}
2021-10-11 11:02:10,702 [INFO] org.hibernate.dialect.Dialect {restartedMain} HHH000400: Using dialect: org.hibernate.dialect.MySQL8Dialect
2021-10-11 11:02:12,187 [INFO] org.hibernate.engine.transaction.jta.platform.internal.JtaPlatformInitiator {restartedMain} HHH000490: Using JtaPlatform implementation: [org.hibernate.engine.transaction.jta.platform.internal.NoJtaPlatform]
2021-10-11 11:02:12,212 [INFO] org.springframework.orm.jpa.LocalContainerEntityManagerFactoryBean {restartedMain} Initialized JPA EntityManagerFactory for persistence unit 'default'
2021-10-11 11:02:12,858 [WARN] org.springframework.boot.autoconfigure.orm.jpa.JpaBaseConfiguration$JpaWebConfiguration {restartedMain} spring.jpa.open-in-view is enabled by default. Therefore, database queries may be performed during view rendering. Explicitly configure spring.jpa.open-in-view to disable this warning
2021-10-11 11:02:13,703 [INFO] org.springframework.security.web.DefaultSecurityFilterChain {restartedMain} Will secure any request with [org.springframework.security.web.context.request.async.WebAsyncManagerIntegrationFilter@3a97b715, org.springframework.security.web.context.SecurityContextPersistenceFilter@27bda2d2, org.springframework.security.web.header.HeaderWriterFilter@45c927ec, org.springframework.security.web.authentication.logout.LogoutFilter@19a6dfc, com.lms.config.JwtAuthenticationFilter@2d695cc8, org.springframework.security.web.savedrequest.RequestCacheAwareFilter@2fb91732, org.springframework.security.web.servletapi.SecurityContextHolderAwareRequestFilter@7c68fc1d, org.springframework.security.web.authentication.AnonymousAuthenticationFilter@2e34864b, org.springframework.security.web.session.SessionManagementFilter@4cd97c6b, org.springframework.security.web.access.ExceptionTranslationFilter@432473f2, org.springframework.security.web.access.intercept.FilterSecurityInterceptor@46ae6c2f]
2021-10-11 11:02:14,848 [WARN] org.springframework.boot.autoconfigure.thymeleaf.ThymeleafAutoConfiguration$DefaultTemplateResolverConfiguration {restartedMain} Cannot find template location: classpath:/templates/ (please add some templates or check your Thymeleaf configuration)
2021-10-11 11:02:14,968 [INFO] org.springframework.boot.devtools.autoconfigure.OptionalLiveReloadServer {restartedMain} LiveReload server is running on port 35729
2021-10-11 11:02:15,377 [INFO] org.springframework.boot.web.embedded.tomcat.TomcatWebServer {restartedMain} Tomcat started on port(s): 8084 (http) with context path ''
2021-10-11 11:02:15,464 [INFO] com.lms.LearningManagementSystemApplication {restartedMain} Started LearningManagementSystemApplication in 8.766 seconds (JVM running for 10.218)
2021-10-11 11:20:43,312 [INFO] org.apache.catalina.core.ContainerBase.[Tomcat].[localhost].[/] {http-nio-8084-exec-1} Initializing Spring DispatcherServlet 'dispatcherServlet'
2021-10-11 11:20:43,312 [INFO] org.springframework.web.servlet.DispatcherServlet {http-nio-8084-exec-1} Initializing Servlet 'dispatcherServlet'
2021-10-11 11:20:43,314 [INFO] org.springframework.web.servlet.DispatcherServlet {http-nio-8084-exec-1} Completed initialization in 2 ms
2021-10-11 11:39:53,173 [TRACE] com.lms.controller.FacultyController {http-nio-8084-exec-8} Get the details of faculty
2021-10-11 11:45:55,012 [TRACE] com.lms.controller.FacultyController {http-nio-8084-exec-10} Get the details of faculty
2021-10-11 11:58:37,200 [TRACE] com.lms.controller.FacultyController {http-nio-8084-exec-3} Get the details of faculty
2021-10-11 12:02:07,471 [TRACE] com.lms.controller.FacultyController {http-nio-8084-exec-4} Get the details of faculty
2021-10-11 12:02:26,407 [TRACE] com.lms.controller.FacultyController {http-nio-8084-exec-5} Get the details of faculty
2021-10-11 12:13:30,461 [TRACE] com.lms.controller.FacultyController {http-nio-8084-exec-6} Get the details of faculty
2021-10-11 12:15:40,360 [TRACE] com.lms.controller.FacultyController {http-nio-8084-exec-9} Get the details of faculty
2021-10-11 12:16:05,029 [TRACE] com.lms.controller.FacultyController {http-nio-8084-exec-10} Get the details of faculty
2021-10-11 12:16:06,958 [TRACE] com.lms.controller.FacultyController {http-nio-8084-exec-1} Get the details of faculty
2021-10-11 12:16:11,917 [TRACE] com.lms.controller.FacultyController {http-nio-8084-exec-3} Get the details of faculty
2021-10-11 12:16:18,000 [TRACE] com.lms.controller.FacultyController {http-nio-8084-exec-2} Get the details of faculty
2021-10-11 12:16:27,484 [TRACE] com.lms.controller.FacultyController {http-nio-8084-exec-5} Get the details of faculty
2021-10-11 12:16:30,824 [TRACE] com.lms.controller.FacultyController {http-nio-8084-exec-7} Get the details of faculty
2021-10-11 12:16:31,846 [TRACE] com.lms.controller.FacultyController {http-nio-8084-exec-6} Get the details of faculty
2021-10-11 12:16:38,211 [TRACE] com.lms.controller.FacultyController {http-nio-8084-exec-8} Get the details of faculty
2021-10-11 12:16:45,970 [TRACE] com.lms.controller.FacultyController {http-nio-8084-exec-9} Get the details of faculty
2021-10-11 12:16:51,205 [TRACE] com.lms.controller.FacultyController {http-nio-8084-exec-10} Get the details of faculty
2021-10-11 12:16:51,874 [TRACE] com.lms.controller.FacultyController {http-nio-8084-exec-1} Get the details of faculty
2021-10-11 12:16:53,962 [TRACE] com.lms.controller.FacultyController {http-nio-8084-exec-3} Get the details of faculty
2021-10-11 12:16:59,894 [TRACE] com.lms.controller.FacultyController {http-nio-8084-exec-2} Get the details of faculty
2021-10-11 12:17:25,904 [TRACE] com.lms.controller.FacultyController {http-nio-8084-exec-4} Get the details of faculty
2021-10-11 12:17:28,061 [TRACE] com.lms.controller.FacultyController {http-nio-8084-exec-5} Get the details of faculty
2021-10-11 12:17:38,962 [TRACE] com.lms.controller.FacultyController {http-nio-8084-exec-7} Get the details of faculty
2021-10-11 12:17:55,938 [TRACE] com.lms.controller.FacultyController {http-nio-8084-exec-6} Get the details of faculty
2021-10-11 12:18:08,178 [TRACE] com.lms.controller.FacultyController {http-nio-8084-exec-8} Get the details of faculty
2021-10-11 12:18:16,912 [TRACE] com.lms.controller.FacultyController {http-nio-8084-exec-9} Get the details of faculty
2021-10-11 12:18:19,889 [TRACE] com.lms.controller.FacultyController {http-nio-8084-exec-10} Get the details of faculty
2021-10-11 12:18:33,919 [TRACE] com.lms.controller.FacultyController {http-nio-8084-exec-1} Get the details of faculty
2021-10-11 12:18:45,959 [TRACE] com.lms.controller.FacultyController {http-nio-8084-exec-3} Get the details of faculty
2021-10-11 12:18:55,349 [TRACE] com.lms.controller.FacultyController {http-nio-8084-exec-2} Get the details of faculty
2021-10-11 12:19:05,084 [TRACE] com.lms.controller.FacultyController {http-nio-8084-exec-4} Get the details of faculty
2021-10-11 12:19:22,113 [TRACE] com.lms.controller.FacultyController {http-nio-8084-exec-7} Get the details of faculty
2021-10-11 12:20:20,129 [TRACE] com.lms.controller.FacultyController {http-nio-8084-exec-8} Get the details of faculty
2021-10-11 12:21:31,809 [TRACE] com.lms.controller.FacultyController {http-nio-8084-exec-10} Get the details of faculty
2021-10-11 12:35:19,829 [TRACE] com.lms.controller.FacultyController {http-nio-8084-exec-3} Get the details of faculty
2021-10-11 12:35:54,146 [TRACE] com.lms.controller.FacultyController {http-nio-8084-exec-2} Get the details of faculty
2021-10-11 12:54:32,861 [TRACE] com.lms.controller.AdminController {http-nio-8084-exec-5} Register working properly
2021-10-11 13:24:41,005 [WARN] com.zaxxer.hikari.pool.HikariPool {HikariPool-1 housekeeper} HikariPool-1 - Thread starvation or clock leap detected (housekeeper delta=4m58s495ms774µs800ns).
2021-10-11 13:47:09,673 [TRACE] com.lms.controller.FacultyController {http-nio-8084-exec-10} Get the details of faculty
2021-10-11 13:48:12,721 [TRACE] com.lms.controller.FacultyController {http-nio-8084-exec-3} Get the details of faculty
2021-10-11 13:49:03,724 [TRACE] com.lms.controller.FacultyController {http-nio-8084-exec-2} Get the details of faculty
2021-10-11 13:51:41,870 [TRACE] com.lms.controller.FacultyController {http-nio-8084-exec-5} Get the details of faculty
2021-10-11 13:52:05,210 [TRACE] com.lms.controller.FacultyController {http-nio-8084-exec-7} Get the details of faculty
2021-10-11 13:52:19,808 [TRACE] com.lms.controller.FacultyController {http-nio-8084-exec-6} Get the details of faculty
2021-10-11 13:52:19,902 [TRACE] com.lms.controller.FacultyController {http-nio-8084-exec-8} Get the details of faculty
2021-10-11 13:55:33,856 [TRACE] com.lms.controller.FacultyController {http-nio-8084-exec-10} Get the details of faculty
2021-10-11 13:55:50,811 [TRACE] com.lms.controller.FacultyController {http-nio-8084-exec-1} Get the details of faculty
2021-10-11 13:56:05,843 [TRACE] com.lms.controller.FacultyController {http-nio-8084-exec-3} Get the details of faculty
2021-10-11 13:56:52,405 [TRACE] com.lms.controller.FacultyController {http-nio-8084-exec-2} Get the details of faculty
2021-10-11 14:04:08,739 [TRACE] com.lms.controller.FacultyController {http-nio-8084-exec-5} Get the details of faculty
2021-10-11 14:04:39,308 [TRACE] com.lms.controller.AdminController {http-nio-8084-exec-6} Register working properly
2021-10-11 14:12:30,291 [TRACE] com.lms.controller.FacultyController {http-nio-8084-exec-9} Get the details of faculty
2021-10-11 14:14:04,517 [TRACE] com.lms.controller.FacultyController {http-nio-8084-exec-1} Get the details of faculty
2021-10-11 14:15:21,217 [TRACE] com.lms.controller.CourseController {http-nio-8084-exec-2} Get the details of course
2021-10-11 14:17:16,979 [TRACE] com.lms.controller.FacultyController {http-nio-8084-exec-5} Get the details of faculty
2021-10-11 14:27:58,005 [INFO] org.springframework.boot.admin.SpringApplicationAdminMXBeanRegistrar$SpringApplicationAdmin {RMI TCP Connection(2)-127.0.0.1} Application shutdown requested.
2021-10-11 14:27:59,724 [INFO] org.springframework.orm.jpa.LocalContainerEntityManagerFactoryBean {RMI TCP Connection(2)-127.0.0.1} Closing JPA EntityManagerFactory for persistence unit 'default'
2021-10-11 14:28:00,170 [INFO] com.zaxxer.hikari.HikariDataSource {RMI TCP Connection(2)-127.0.0.1} HikariPool-1 - Shutdown initiated...
2021-10-11 14:28:00,198 [INFO] com.zaxxer.hikari.HikariDataSource {RMI TCP Connection(2)-127.0.0.1} HikariPool-1 - Shutdown completed.
2021-10-11 14:33:12,413 [INFO] com.lms.LearningManagmentSystemApplicationTests {main} Starting LearningManagmentSystemApplicationTests using Java 1.8.0_191 on raghav1234 with PID 6948 (started by Lalit Raghav in D:\MY PROJECT\learning-management-system)
2021-10-11 14:33:12,426 [INFO] com.lms.LearningManagmentSystemApplicationTests {main} No active profile set, falling back to default profiles: default
2021-10-11 14:33:14,762 [INFO] org.springframework.data.repository.config.RepositoryConfigurationDelegate {main} Bootstrapping Spring Data JPA repositories in DEFAULT mode.
2021-10-11 14:33:15,045 [INFO] org.springframework.data.repository.config.RepositoryConfigurationDelegate {main} Finished Spring Data repository scanning in 251 ms. Found 6 JPA repository interfaces.
2021-10-11 14:33:18,337 [INFO] com.zaxxer.hikari.HikariDataSource {main} HikariPool-1 - Starting...
2021-10-11 14:33:19,013 [INFO] com.zaxxer.hikari.HikariDataSource {main} HikariPool-1 - Start completed.
2021-10-11 14:33:19,501 [INFO] org.hibernate.jpa.internal.util.LogHelper {main} HHH000204: Processing PersistenceUnitInfo [name: default]
2021-10-11 14:33:19,735 [INFO] org.hibernate.Version {main} HHH000412: Hibernate ORM core version 5.4.32.Final
2021-10-11 14:33:19,979 [INFO] org.hibernate.annotations.common.Version {main} HCANN000001: Hibernate Commons Annotations {5.1.2.Final}
2021-10-11 14:33:20,979 [INFO] org.hibernate.dialect.Dialect {main} HHH000400: Using dialect: org.hibernate.dialect.MySQL8Dialect
2021-10-11 14:33:23,837 [INFO] org.hibernate.engine.transaction.jta.platform.internal.JtaPlatformInitiator {main} HHH000490: Using JtaPlatform implementation: [org.hibernate.engine.transaction.jta.platform.internal.NoJtaPlatform]
2021-10-11 14:33:23,875 [INFO] org.springframework.orm.jpa.LocalContainerEntityManagerFactoryBean {main} Initialized JPA EntityManagerFactory for persistence unit 'default'
2021-10-11 14:33:24,175 [WARN] org.springframework.boot.autoconfigure.orm.jpa.JpaBaseConfiguration$JpaWebConfiguration {main} spring.jpa.open-in-view is enabled by default. Therefore, database queries may be performed during view rendering. Explicitly configure spring.jpa.open-in-view to disable this warning
2021-10-11 14:33:27,099 [INFO] org.springframework.security.web.DefaultSecurityFilterChain {main} Will secure any request with [org.springframework.security.web.context.request.async.WebAsyncManagerIntegrationFilter@3a724e09, org.springframework.security.web.context.SecurityContextPersistenceFilter@2666f09, org.springframework.security.web.header.HeaderWriterFilter@20186265, org.springframework.security.web.authentication.logout.LogoutFilter@1e1044e2, com.lms.config.JwtAuthenticationFilter@54a4d15f, org.springframework.security.web.savedrequest.RequestCacheAwareFilter@58d79a3, org.springframework.security.web.servletapi.SecurityContextHolderAwareRequestFilter@5e53bda1, org.springframework.security.web.authentication.AnonymousAuthenticationFilter@566c5cd8, org.springframework.security.web.session.SessionManagementFilter@7d605a5a, org.springframework.security.web.access.ExceptionTranslationFilter@63d67bb6, org.springframework.security.web.access.intercept.FilterSecurityInterceptor@10f33b2c]
2021-10-11 14:33:29,210 [WARN] org.springframework.boot.autoconfigure.thymeleaf.ThymeleafAutoConfiguration$DefaultTemplateResolverConfiguration {main} Cannot find template location: classpath:/templates/ (please add some templates or check your Thymeleaf configuration)
2021-10-11 14:33:29,736 [INFO] com.lms.LearningManagmentSystemApplicationTests {main} Started LearningManagmentSystemApplicationTests in 18.674 seconds (JVM running for 26.764)
2021-10-11 14:34:04,159 [INFO] org.springframework.orm.jpa.LocalContainerEntityManagerFactoryBean {SpringApplicationShutdownHook} Closing JPA EntityManagerFactory for persistence unit 'default'
2021-10-11 14:34:04,166 [INFO] com.zaxxer.hikari.HikariDataSource {SpringApplicationShutdownHook} HikariPool-1 - Shutdown initiated...
2021-10-11 14:34:04,313 [INFO] com.zaxxer.hikari.HikariDataSource {SpringApplicationShutdownHook} HikariPool-1 - Shutdown completed.
2021-10-11 14:55:16,086 [INFO] com.lms.LearningManagementSystemApplication {restartedMain} Starting LearningManagementSystemApplication using Java 1.8.0_191 on raghav1234 with PID 19628 (D:\MY PROJECT\learning-management-system\target\classes started by Lalit Raghav in D:\MY PROJECT\learning-management-system)
2021-10-11 14:55:16,089 [INFO] com.lms.LearningManagementSystemApplication {restartedMain} No active profile set, falling back to default profiles: default
2021-10-11 14:55:16,183 [INFO] org.springframework.boot.devtools.env.DevToolsPropertyDefaultsPostProcessor {restartedMain} Devtools property defaults active! Set 'spring.devtools.add-properties' to 'false' to disable
2021-10-11 14:55:16,183 [INFO] org.springframework.boot.devtools.env.DevToolsPropertyDefaultsPostProcessor {restartedMain} For additional web related logging consider setting the 'logging.level.web' property to 'DEBUG'
2021-10-11 14:55:17,311 [INFO] org.springframework.data.repository.config.RepositoryConfigurationDelegate {restartedMain} Bootstrapping Spring Data JPA repositories in DEFAULT mode.
2021-10-11 14:55:17,436 [INFO] org.springframework.data.repository.config.RepositoryConfigurationDelegate {restartedMain} Finished Spring Data repository scanning in 110 ms. Found 6 JPA repository interfaces.
2021-10-11 14:55:18,338 [INFO] org.springframework.boot.web.embedded.tomcat.TomcatWebServer {restartedMain} Tomcat initialized with port(s): 8084 (http)
2021-10-11 14:55:18,369 [INFO] org.apache.catalina.core.StandardService {restartedMain} Starting service [Tomcat]
2021-10-11 14:55:18,370 [INFO] org.apache.catalina.core.StandardEngine {restartedMain} Starting Servlet engine: [Apache Tomcat/9.0.52]
2021-10-11 14:55:18,501 [INFO] org.apache.catalina.core.ContainerBase.[Tomcat].[localhost].[/] {restartedMain} Initializing Spring embedded WebApplicationContext
2021-10-11 14:55:18,501 [INFO] org.springframework.boot.web.servlet.context.ServletWebServerApplicationContext {restartedMain} Root WebApplicationContext: initialization completed in 2317 ms
2021-10-11 14:55:18,717 [INFO] com.zaxxer.hikari.HikariDataSource {restartedMain} HikariPool-1 - Starting...
2021-10-11 14:55:18,905 [INFO] com.zaxxer.hikari.HikariDataSource {restartedMain} HikariPool-1 - Start completed.
2021-10-11 14:55:18,972 [INFO] org.hibernate.jpa.internal.util.LogHelper {restartedMain} HHH000204: Processing PersistenceUnitInfo [name: default]
2021-10-11 14:55:19,059 [INFO] org.hibernate.Version {restartedMain} HHH000412: Hibernate ORM core version 5.4.32.Final
2021-10-11 14:55:19,334 [INFO] org.hibernate.annotations.common.Version {restartedMain} HCANN000001: Hibernate Commons Annotations {5.1.2.Final}
2021-10-11 14:55:19,487 [INFO] org.hibernate.dialect.Dialect {restartedMain} HHH000400: Using dialect: org.hibernate.dialect.MySQL8Dialect
2021-10-11 14:55:20,457 [INFO] org.hibernate.engine.transaction.jta.platform.internal.JtaPlatformInitiator {restartedMain} HHH000490: Using JtaPlatform implementation: [org.hibernate.engine.transaction.jta.platform.internal.NoJtaPlatform]
2021-10-11 14:55:20,471 [INFO] org.springframework.orm.jpa.LocalContainerEntityManagerFactoryBean {restartedMain} Initialized JPA EntityManagerFactory for persistence unit 'default'
2021-10-11 14:55:21,341 [WARN] org.springframework.boot.autoconfigure.orm.jpa.JpaBaseConfiguration$JpaWebConfiguration {restartedMain} spring.jpa.open-in-view is enabled by default. Therefore, database queries may be performed during view rendering. Explicitly configure spring.jpa.open-in-view to disable this warning
2021-10-11 14:55:21,872 [INFO] org.springframework.security.web.DefaultSecurityFilterChain {restartedMain} Will secure any request with [org.springframework.security.web.context.request.async.WebAsyncManagerIntegrationFilter@7d1de8cd, org.springframework.security.web.context.SecurityContextPersistenceFilter@484acb98, org.springframework.security.web.header.HeaderWriterFilter@2a3f1eda, org.springframework.security.web.authentication.logout.LogoutFilter@74e2f444, com.lms.config.JwtAuthenticationFilter@25fac2ed, org.springframework.security.web.savedrequest.RequestCacheAwareFilter@7b06f8c9, org.springframework.security.web.servletapi.SecurityContextHolderAwareRequestFilter@11181dac, org.springframework.security.web.authentication.AnonymousAuthenticationFilter@ae8e23a, org.springframework.security.web.session.SessionManagementFilter@46abade1, org.springframework.security.web.access.ExceptionTranslationFilter@d6f43d2, org.springframework.security.web.access.intercept.FilterSecurityInterceptor@76fbd2b8]
2021-10-11 14:55:22,338 [WARN] org.springframework.boot.autoconfigure.thymeleaf.ThymeleafAutoConfiguration$DefaultTemplateResolverConfiguration {restartedMain} Cannot find template location: classpath:/templates/ (please add some templates or check your Thymeleaf configuration)
2021-10-11 14:55:22,541 [INFO] org.springframework.boot.devtools.autoconfigure.OptionalLiveReloadServer {restartedMain} LiveReload server is running on port 35729
2021-10-11 14:55:22,778 [INFO] org.springframework.boot.web.embedded.tomcat.TomcatWebServer {restartedMain} Tomcat started on port(s): 8084 (http) with context path ''
2021-10-11 14:55:22,794 [INFO] com.lms.LearningManagementSystemApplication {restartedMain} Started LearningManagementSystemApplication in 7.385 seconds (JVM running for 8.973)
2021-10-11 14:55:29,185 [INFO] org.apache.catalina.core.ContainerBase.[Tomcat].[localhost].[/] {http-nio-8084-exec-1} Initializing Spring DispatcherServlet 'dispatcherServlet'
2021-10-11 14:55:29,185 [INFO] org.springframework.web.servlet.DispatcherServlet {http-nio-8084-exec-1} Initializing Servlet 'dispatcherServlet'
2021-10-11 14:55:29,187 [INFO] org.springframework.web.servlet.DispatcherServlet {http-nio-8084-exec-1} Completed initialization in 2 ms
2021-10-11 14:55:29,339 [TRACE] com.lms.controller.FacultyController {http-nio-8084-exec-1} Get the details of faculty
2021-10-11 14:55:58,973 [TRACE] com.lms.controller.CourseController {http-nio-8084-exec-2} Get the details of course
2021-10-11 15:19:31,186 [TRACE] com.lms.controller.FacultyController {http-nio-8084-exec-4} Get the details of faculty
2021-10-11 15:19:50,217 [TRACE] com.lms.controller.FacultyController {http-nio-8084-exec-5} Get the details of faculty
2021-10-11 15:21:02,578 [TRACE] com.lms.controller.FacultyController {http-nio-8084-exec-7} Get the details of faculty
2021-10-11 16:48:10,215 [INFO] org.springframework.boot.admin.SpringApplicationAdminMXBeanRegistrar$SpringApplicationAdmin {RMI TCP Connection(2)-127.0.0.1} Application shutdown requested.
2021-10-11 16:48:10,618 [INFO] org.springframework.orm.jpa.LocalContainerEntityManagerFactoryBean {RMI TCP Connection(2)-127.0.0.1} Closing JPA EntityManagerFactory for persistence unit 'default'
2021-10-11 16:48:10,692 [INFO] com.zaxxer.hikari.HikariDataSource {RMI TCP Connection(2)-127.0.0.1} HikariPool-1 - Shutdown initiated...
2021-10-11 16:48:10,704 [INFO] com.zaxxer.hikari.HikariDataSource {RMI TCP Connection(2)-127.0.0.1} HikariPool-1 - Shutdown completed.
